Arguments: 
  C:\Program Files\nodejs\node.exe C:\Users\PeteP\AppData\Roaming\npm\node_modules\yarn\bin\yarn.js start

PATH: 
  C:\Users\PeteP\bin;C:\Program Files\Git\mingw64\bin;C:\Program Files\Git\usr\local\bin;C:\Program Files\Git\usr\bin;C:\Program Files\Git\usr\bin;C:\Program Files\Git\mingw64\bin;C:\Program Files\Git\usr\bin;C:\Users\PeteP\bin;C:\WINDOWS\system32;C:\WINDOWS;C:\WINDOWS\System32\Wbem;C:\WINDOWS\System32\WindowsPowerShell\v1.0;C:\WINDOWS\System32\OpenSSH;C:\Program Files\Git\cmd;C:\Program Files\nodejs;C:\Users\PeteP\AppData\Local\Microsoft\WindowsApps;C:\Users\PeteP\AppData\Local\GitHubDesktop\bin;C:\Users\PeteP\AppData\Local\Programs\Microsoft VS Code\bin;C:\Users\PeteP\AppData\Roaming\npm;C:\Program Files\Git\usr\bin\vendor_perl;C:\Program Files\Git\usr\bin\core_perl

Yarn version: 
  1.22.19

Node version: 
  16.16.0

Platform: 
  win32 x64

Trace: 
  SyntaxError: C:\TPD\package.json: Unexpected token n in JSON at position 253
      at JSON.parse (<anonymous>)
      at C:\Users\PeteP\AppData\Roaming\npm\node_modules\yarn\lib\cli.js:1629:59
      at Generator.next (<anonymous>)
      at step (C:\Users\PeteP\AppData\Roaming\npm\node_modules\yarn\lib\cli.js:310:30)
      at C:\Users\PeteP\AppData\Roaming\npm\node_modules\yarn\lib\cli.js:321:13

npm manifest: 
  {
    "name": "pdt-development",
    "version": "1.0.0",
    "description": "",
    "main": "index.js",
    "scripts": {
      "server": "npm start --workspace=server",
      "client": "npm start --workspace=client",
      "start": "concurrently --kill-others-on-fail "npm run server" "npm run client""
    },
    "keywords": [],
    "author": "",
    "license": "ISC",
    "workspaces": [
      "packages/server",
      "packages/client"
    ],
    "dependencies": {
      "@craco/craco": "^7.0.0",
      "concurrently": "^7.6.0",
      "react-router-dom": "^6.4.5"
    },
    "devDependencies": {
      "@babel/core": "^7.20.5",
      "@babel/node": "^7.20.5",
      "autoprefixer": "^9.8.8",
      "postcss": "^7.0.39",
      "tailwindcss": "npm:@tailwindcss/postcss7-compat@^2.2.17"
    }
  }

yarn manifest: 
  No manifest

Lockfile: 
  No lockfile
